<?xml version="1.0" encoding="UTF-8"?>
<!-- Generated by org.testng.reporters.JUnitXMLReporter -->
<testsuite ignored="0" hostname="DESKTOP-OMOC5AD" failures="0" tests="10" name="Surefire test" time="16.761" errors="0" timestamp="2024-01-26T19:57:06 JST">
  <testcase classname="io.cucumber.testng.AbstractTestNGCucumberTests" name="runScenario" time="2.62"/>
  <testcase classname="io.cucumber.testng.AbstractTestNGCucumberTests" name="runScenario" time="1.933"/>
  <testcase classname="io.cucumber.testng.AbstractTestNGCucumberTests" name="runScenario" time="1.078"/>
  <testcase classname="io.cucumber.testng.AbstractTestNGCucumberTests" name="runScenario" time="1.015"/>
  <testcase classname="io.cucumber.testng.AbstractTestNGCucumberTests" name="runScenario" time="1.111"/>
  <testcase classname="io.cucumber.testng.AbstractTestNGCucumberTests" name="runScenario" time="1.325"/>
  <testcase classname="io.cucumber.testng.AbstractTestNGCucumberTests" name="runScenario" time="1.125"/>
  <testcase classname="com.bookerapi.services.BookingNegativeTest" name="getBookingWithInvalidID" time="1.146"/>
  <testcase classname="com.bookerapi.services.BookingNegativeTest" name="updateBookingWithIncorrectBody" time="1.091"/>
  <testcase classname="com.bookerapi.services.BookingNegativeTest" name="updateBookingWithInvalidID" time="1.03"/>
</testsuite> <!-- Surefire test -->
