<?xml version="1.0" encoding="UTF-8"?>
<!-- Generated by org.testng.reporters.JUnitXMLReporter -->
<testsuite ignored="0" hostname="DESKTOP-OMOC5AD" failures="0" tests="3" name="Default test" time="1.326" errors="0" timestamp="2024-01-24T14:51:53 JST">
  <testcase classname="com.bookerapi.mock.testcases.BookingManagement" name="createBooking" time="1.168"/>
  <testcase classname="com.bookerapi.mock.testcases.BookingManagement" name="getBookingByID" time="0.026"/>
  <testcase classname="com.bookerapi.mock.testcases.BookingManagement" name="getBookingIDs" time="0.044"/>
</testsuite> <!-- Default test -->
