<?xml version="1.0" encoding="UTF-8"?>
<!-- Generated by org.testng.reporters.JUnitXMLReporter -->
<testsuite ignored="0" hostname="DESKTOP-OMOC5AD" failures="0" tests="16" name="Bookingmanagement" time="17.549" errors="0" timestamp="2024-01-26T19:30:43 JST">
  <testcase classname="com.bookerapi.mockfile.BookingMgmentStub" name="createBooking" time="0.964"/>
  <testcase classname="com.bookerapi.mockfile.BookingMgmentStub" name="getBookingById" time="0.014"/>
  <testcase classname="com.bookerapi.mockfile.BookingMgmentStub" name="getBookingIDs" time="0.051"/>
  <testcase classname="com.bookerapi.mock.testcases.BookingManagement" name="createBooking" time="1.115"/>
  <testcase classname="com.bookerapi.mock.testcases.BookingManagement" name="getBookingByID" time="0.033"/>
  <testcase classname="com.bookerapi.mock.testcases.BookingManagement" name="getBookingIDs" time="0.032"/>
  <testcase classname="io.cucumber.testng.AbstractTestNGCucumberTests" name="runScenario" time="1.417"/>
  <testcase classname="io.cucumber.testng.AbstractTestNGCucumberTests" name="runScenario" time="1.833"/>
  <testcase classname="io.cucumber.testng.AbstractTestNGCucumberTests" name="runScenario" time="1.116"/>
  <testcase classname="io.cucumber.testng.AbstractTestNGCucumberTests" name="runScenario" time="1.129"/>
  <testcase classname="io.cucumber.testng.AbstractTestNGCucumberTests" name="runScenario" time="1.106"/>
  <testcase classname="io.cucumber.testng.AbstractTestNGCucumberTests" name="runScenario" time="1.13"/>
  <testcase classname="io.cucumber.testng.AbstractTestNGCucumberTests" name="runScenario" time="1.227"/>
  <testcase classname="com.bookerapi.services.BookingNegativeTest" name="getBookingWithInvalidID" time="1.007"/>
  <testcase classname="com.bookerapi.services.BookingNegativeTest" name="updateBookingWithIncorrectBody" time="1.125"/>
  <testcase classname="com.bookerapi.services.BookingNegativeTest" name="updateBookingWithInvalidID" time="1.1"/>
</testsuite> <!-- Bookingmanagement -->
