<?xml version="1.0" encoding="UTF-8"?>
<testng-results ignored="0" total="10" passed="10" failed="0" skipped="0">
  <reporter-output>
  </reporter-output>
  <suite started-at="2024-01-26T19:56:49 JST" name="Surefire suite" finished-at="2024-01-26T19:57:06 JST" duration-ms="16761">
    <groups>
      <group name="cucumber">
        <method signature="AbstractTestNGCucumberTests.runScenario(io.cucumber.testng.PickleWrapper,io.cucumber.testng.FeatureWrapper)[pri:0, instance:com.bookerapi.runner.RunTest@1eb5174b]" name="runScenario" class="io.cucumber.testng.AbstractTestNGCucumberTests"/>
      </group> <!-- cucumber -->
    </groups>
    <test started-at="2024-01-26T19:56:49 JST" name="Surefire test" finished-at="2024-01-26T19:57:06 JST" duration-ms="16761">
      <class name="com.bookerapi.runner.RunTest">
        <test-method is-config="true" signature="setUpClass(org.testng.ITestContext)[pri:0, instance:com.bookerapi.runner.RunTest@1eb5174b]" started-at="2024-01-26T19:56:50 JST" name="setUpClass" finished-at="2024-01-26T19:56:50 JST" duration-ms="333" status="PASS">
          <params>
            <param index="0">
              <value>
                <![CDATA[org.testng.TestRunner@6866e740]]>
              </value>
            </param>
          </params>
          <reporter-output>
          </reporter-output>
        </test-method> <!-- setUpClass -->
        <test-method signature="runScenario(io.cucumber.testng.PickleWrapper,io.cucumber.testng.FeatureWrapper)[pri:0, instance:com.bookerapi.runner.RunTest@1eb5174b]" started-at="2024-01-26T19:56:50 JST" name="runScenario" description="Runs Cucumber Scenarios" data-provider="scenarios" finished-at="2024-01-26T19:56:52 JST" duration-ms="2620" status="PASS">
          <params>
            <param index="0">
              <value>
                <![CDATA["HealthCheck for BookingAPI"]]>
              </value>
            </param>
            <param index="1">
              <value>
                <![CDATA["Optional[Manage of Restful BookerAPI]"]]>
              </value>
            </param>
          </params>
          <reporter-output>
          </reporter-output>
        </test-method> <!-- runScenario -->
        <test-method signature="runScenario(io.cucumber.testng.PickleWrapper,io.cucumber.testng.FeatureWrapper)[pri:0, instance:com.bookerapi.runner.RunTest@1eb5174b]" started-at="2024-01-26T19:56:52 JST" name="runScenario" description="Runs Cucumber Scenarios" data-provider="scenarios" finished-at="2024-01-26T19:56:54 JST" duration-ms="1933" status="PASS">
          <params>
            <param index="0">
              <value>
                <![CDATA["Create Booking"]]>
              </value>
            </param>
            <param index="1">
              <value>
                <![CDATA["Optional[Manage of Restful BookerAPI]"]]>
              </value>
            </param>
          </params>
          <reporter-output>
          </reporter-output>
        </test-method> <!-- runScenario -->
        <test-method signature="runScenario(io.cucumber.testng.PickleWrapper,io.cucumber.testng.FeatureWrapper)[pri:0, instance:com.bookerapi.runner.RunTest@1eb5174b]" started-at="2024-01-26T19:56:54 JST" name="runScenario" description="Runs Cucumber Scenarios" data-provider="scenarios" finished-at="2024-01-26T19:56:56 JST" duration-ms="1078" status="PASS">
          <params>
            <param index="0">
              <value>
                <![CDATA["Get booking with BookingId"]]>
              </value>
            </param>
            <param index="1">
              <value>
                <![CDATA["Optional[Manage of Restful BookerAPI]"]]>
              </value>
            </param>
          </params>
          <reporter-output>
          </reporter-output>
        </test-method> <!-- runScenario -->
        <test-method signature="runScenario(io.cucumber.testng.PickleWrapper,io.cucumber.testng.FeatureWrapper)[pri:0, instance:com.bookerapi.runner.RunTest@1eb5174b]" started-at="2024-01-26T19:56:56 JST" name="runScenario" description="Runs Cucumber Scenarios" data-provider="scenarios" finished-at="2024-01-26T19:56:57 JST" duration-ms="1015" status="PASS">
          <params>
            <param index="0">
              <value>
                <![CDATA["Create Booking with Multiple Files"]]>
              </value>
            </param>
            <param index="1">
              <value>
                <![CDATA["Optional[Manage of Restful BookerAPI]"]]>
              </value>
            </param>
          </params>
          <reporter-output>
          </reporter-output>
        </test-method> <!-- runScenario -->
        <test-method signature="runScenario(io.cucumber.testng.PickleWrapper,io.cucumber.testng.FeatureWrapper)[pri:0, instance:com.bookerapi.runner.RunTest@1eb5174b]" started-at="2024-01-26T19:56:57 JST" name="runScenario" description="Runs Cucumber Scenarios" data-provider="scenarios" finished-at="2024-01-26T19:56:58 JST" duration-ms="1111" status="PASS">
          <params>
            <param index="0">
              <value>
                <![CDATA["Create Booking with Multiple Files"]]>
              </value>
            </param>
            <param index="1">
              <value>
                <![CDATA["Optional[Manage of Restful BookerAPI]"]]>
              </value>
            </param>
          </params>
          <reporter-output>
          </reporter-output>
        </test-method> <!-- runScenario -->
        <test-method signature="runScenario(io.cucumber.testng.PickleWrapper,io.cucumber.testng.FeatureWrapper)[pri:0, instance:com.bookerapi.runner.RunTest@1eb5174b]" started-at="2024-01-26T19:56:58 JST" name="runScenario" description="Runs Cucumber Scenarios" data-provider="scenarios" finished-at="2024-01-26T19:56:59 JST" duration-ms="1325" status="PASS">
          <params>
            <param index="0">
              <value>
                <![CDATA["Update Booking"]]>
              </value>
            </param>
            <param index="1">
              <value>
                <![CDATA["Optional[Manage of Restful BookerAPI]"]]>
              </value>
            </param>
          </params>
          <reporter-output>
          </reporter-output>
        </test-method> <!-- runScenario -->
        <test-method signature="runScenario(io.cucumber.testng.PickleWrapper,io.cucumber.testng.FeatureWrapper)[pri:0, instance:com.bookerapi.runner.RunTest@1eb5174b]" started-at="2024-01-26T19:56:59 JST" name="runScenario" description="Runs Cucumber Scenarios" data-provider="scenarios" finished-at="2024-01-26T19:57:00 JST" duration-ms="1125" status="PASS">
          <params>
            <param index="0">
              <value>
                <![CDATA["Get All BookingIds with Query params"]]>
              </value>
            </param>
            <param index="1">
              <value>
                <![CDATA["Optional[Manage of Restful BookerAPI]"]]>
              </value>
            </param>
          </params>
          <reporter-output>
          </reporter-output>
        </test-method> <!-- runScenario -->
        <test-method is-config="true" signature="tearDownClass()[pri:0, instance:com.bookerapi.runner.RunTest@1eb5174b]" started-at="2024-01-26T19:57:00 JST" name="tearDownClass" finished-at="2024-01-26T19:57:03 JST" duration-ms="2821" status="PASS">
          <reporter-output>
          </reporter-output>
        </test-method> <!-- tearDownClass -->
      </class> <!-- com.bookerapi.runner.RunTest -->
      <class name="com.bookerapi.services.BookingNegativeTest">
        <test-method is-config="true" signature="setup()[pri:0, instance:com.bookerapi.services.BookingNegativeTest@120f102b]" started-at="2024-01-26T19:57:03 JST" name="setup" finished-at="2024-01-26T19:57:03 JST" duration-ms="0" status="PASS">
          <reporter-output>
          </reporter-output>
        </test-method> <!-- setup -->
        <test-method signature="getBookingWithInvalidID()[pri:0, instance:com.bookerapi.services.BookingNegativeTest@120f102b]" started-at="2024-01-26T19:57:03 JST" name="getBookingWithInvalidID" finished-at="2024-01-26T19:57:04 JST" duration-ms="1146" status="PASS">
          <reporter-output>
          </reporter-output>
        </test-method> <!-- getBookingWithInvalidID -->
        <test-method is-config="true" signature="setup()[pri:0, instance:com.bookerapi.services.BookingNegativeTest@120f102b]" started-at="2024-01-26T19:57:04 JST" name="setup" finished-at="2024-01-26T19:57:04 JST" duration-ms="0" status="PASS">
          <reporter-output>
          </reporter-output>
        </test-method> <!-- setup -->
        <test-method signature="updateBookingWithIncorrectBody()[pri:0, instance:com.bookerapi.services.BookingNegativeTest@120f102b]" started-at="2024-01-26T19:57:04 JST" name="updateBookingWithIncorrectBody" finished-at="2024-01-26T19:57:05 JST" duration-ms="1091" status="PASS">
          <reporter-output>
          </reporter-output>
        </test-method> <!-- updateBookingWithIncorrectBody -->
        <test-method signature="updateBookingWithInvalidID()[pri:0, instance:com.bookerapi.services.BookingNegativeTest@120f102b]" started-at="2024-01-26T19:57:05 JST" name="updateBookingWithInvalidID" finished-at="2024-01-26T19:57:06 JST" duration-ms="1030" status="PASS">
          <reporter-output>
          </reporter-output>
        </test-method> <!-- updateBookingWithInvalidID -->
        <test-method is-config="true" signature="setup()[pri:0, instance:com.bookerapi.services.BookingNegativeTest@120f102b]" started-at="2024-01-26T19:57:05 JST" name="setup" finished-at="2024-01-26T19:57:05 JST" duration-ms="0" status="PASS">
          <reporter-output>
          </reporter-output>
        </test-method> <!-- setup -->
      </class> <!-- com.bookerapi.services.BookingNegativeTest -->
    </test> <!-- Surefire test -->
  </suite> <!-- Surefire suite -->
</testng-results>
