<?xml version="1.0" encoding="UTF-8"?>
<testsuite xmlns:xsi="http://www.w3.org/2001/XMLSchema-instance" xsi:noNamespaceSchemaLocation="https://maven.apache.org/surefire/maven-surefire-plugin/xsd/surefire-test-report.xsd" name="TestSuite" time="17.363" tests="10" errors="0" skipped="0" failures="0">
  <properties>
[...]
</properties>
  <testcase name="runScenario" classname="com.bookerapi.runner.RunTest" time="2.644"/>
  <testcase name="runScenario" classname="com.bookerapi.runner.RunTest" time="1.918"/>
  <testcase name="runScenario" classname="com.bookerapi.runner.RunTest" time="1.078"/>
  <testcase name="runScenario" classname="com.bookerapi.runner.RunTest" time="1.03"/>
  <testcase name="runScenario" classname="com.bookerapi.runner.RunTest" time="1.126"/>
  <testcase name="runScenario" classname="com.bookerapi.runner.RunTest" time="1.342"/>
  <testcase name="runScenario" classname="com.bookerapi.runner.RunTest" time="1.116"/>
  <testcase name="getBookingWithInvalidID" classname="com.bookerapi.services.BookingNegativeTest" time="1.149"/>
  <testcase name="updateBookingWithIncorrectBody" classname="com.bookerapi.services.BookingNegativeTest" time="1.106"/>
  <testcase name="updateBookingWithInvalidID" classname="com.bookerapi.services.BookingNegativeTest" time="1.03"/>
</testsuite>