<?xml version="1.0" encoding="UTF-8"?>
<!-- Generated by org.testng.reporters.JUnitXMLReporter -->
<testsuite ignored="0" hostname="DESKTOP-OMOC5AD" failures="0" tests="13" name="Bookingmanagement" time="15.926" errors="0" timestamp="2024-01-28T22:56:07 JST">
  <testcase classname="com.bookerapi.mock.testcases.BookingManagement" name="createBooking" time="1.095"/>
  <testcase classname="com.bookerapi.mock.testcases.BookingManagement" name="getBookingByID" time="0.024"/>
  <testcase classname="com.bookerapi.mock.testcases.BookingManagement" name="getBookingIDs" time="0.021"/>
  <testcase classname="io.cucumber.testng.AbstractTestNGCucumberTests" name="runScenario" time="1.194"/>
  <testcase classname="io.cucumber.testng.AbstractTestNGCucumberTests" name="runScenario" time="1.803"/>
  <testcase classname="io.cucumber.testng.AbstractTestNGCucumberTests" name="runScenario" time="1.056"/>
  <testcase classname="io.cucumber.testng.AbstractTestNGCucumberTests" name="runScenario" time="1.024"/>
  <testcase classname="io.cucumber.testng.AbstractTestNGCucumberTests" name="runScenario" time="1.028"/>
  <testcase classname="io.cucumber.testng.AbstractTestNGCucumberTests" name="runScenario" time="1.12"/>
  <testcase classname="io.cucumber.testng.AbstractTestNGCucumberTests" name="runScenario" time="1.109"/>
  <testcase classname="com.bookerapi.services.BookingNegativeTest" name="getBookingWithInvalidID" time="1.043"/>
  <testcase classname="com.bookerapi.services.BookingNegativeTest" name="updateBookingWithIncorrectBody" time="1.056"/>
  <testcase classname="com.bookerapi.services.BookingNegativeTest" name="updateBookingWithInvalidID" time="1.109"/>
</testsuite> <!-- Bookingmanagement -->
